{"logTime": "1017/012651", "correlationVector":"uvsqvxcxJoczBUKN4qYTpi.0","action":"FeedSettingFetch_homeCloud", "result":"0", "context":{}}
{"logTime": "1017/012651", "correlationVector":"knZkze9VxGLQ/ItJ7+0tbS.1","action":"SyncServerConnectionManagerRequest", "result":"SYNC_SERVER_OK", "context":{"environment":"Prod_EastUS2_000e", "migrationStage":"NotStarted", "server":"GENERAL0100002W"}}
{"logTime": "1017/012651", "correlationVector":"knZkze9VxGLQ/ItJ7+0tbS","action":"Initial GetUpdates", "result":"", "context":Reason: NEW_CLIENT. cV=knZkze9VxGLQ/ItJ7+0tbS}
{"logTime": "1017/012651", "correlationVector":"knZkze9VxGLQ/ItJ7+0tbS.2","action":"GetUpdates Response", "result":"SYNCER_OK", "context":Received 1 update(s). cV=knZkze9VxGLQ/ItJ7+0tbS.0;server=GENERAL0100002W;cloudType=Consumer;environment=Prod_EastUS2_000e;migrationStage=NotStarted}
{"logTime": "1017/012651", "correlationVector":"URlj57I01MYGDdVOqI5xOd","action":"SyncServerConnectionManagerRequest", "result":"SYNC_SERVER_OK", "context":{"environment":"", "migrationStage":"", "server":""}}
{"logTime": "1017/012651", "correlationVector":"lVqqlj++a8Rj5xT+TDeeN8","action":"Initial GetUpdates", "result":"", "context":Reason: NEW_CLIENT. cV=lVqqlj++a8Rj5xT+TDeeN8}
{"logTime": "1017/012651", "correlationVector":"lVqqlj++a8Rj5xT+TDeeN8.1","action":"SyncServerConnectionManagerRequest", "result":"SYNC_SERVER_OK", "context":{"environment":"Prod_EastUS2_000e", "migrationStage":"NotStarted", "server":"GENERAL0100001S"}}
{"logTime": "1017/012651", "correlationVector":"lVqqlj++a8Rj5xT+TDeeN8.2","action":"GetUpdates Response", "result":"SYNCER_OK", "context":Received 5 update(s). cV=lVqqlj++a8Rj5xT+TDeeN8.0;server=GENERAL0100001S;cloudType=Consumer;environment=Prod_EastUS2_000e;migrationStage=NotStarted}
{"logTime": "1017/012651", "correlationVector":"Ac0r7GBu/g+Tz6sD+wYGPV","action":"Normal GetUpdate request", "result":"", "context":cV=Ac0r7GBu/g+Tz6sD+wYGPV
Nudged types: Device Info, User Consents
Refresh requested types: Device Info, User Consents, Send Tab To Self, Encryption Keys}
{"logTime": "1017/012651", "correlationVector":"Ac0r7GBu/g+Tz6sD+wYGPV.1","action":"SyncServerConnectionManagerRequest", "result":"SYNC_SERVER_OK", "context":{"environment":"Prod_EastUS2_000e", "migrationStage":"NotStarted", "server":"GENERAL01000009"}}
{"logTime": "1017/012651", "correlationVector":"Ac0r7GBu/g+Tz6sD+wYGPV.2","action":"GetUpdates Response", "result":"SYNCER_OK", "context":Received 0 update(s). cV=Ac0r7GBu/g+Tz6sD+wYGPV.0;server=GENERAL01000009;cloudType=Consumer;environment=Prod_EastUS2_000e;migrationStage=NotStarted}
{"logTime": "1017/012651", "correlationVector":"bJRj75uAFXc0k50J2vCcEI","action":"Commit Request", "result":"", "context":Item count: 1
Contributing types: Device Info}
{"logTime": "1017/012651", "correlationVector":"bJRj75uAFXc0k50J2vCcEI.1","action":"SyncServerConnectionManagerRequest", "result":"SYNC_SERVER_OK", "context":{"environment":"Prod_EastUS2_000e", "migrationStage":"NotStarted", "server":"GENERAL0100001V"}}
{"logTime": "1017/012651", "correlationVector":"bJRj75uAFXc0k50J2vCcEI.2","action":"Commit Response", "result":"SYNCER_OK", "context":Result: SYNCER_OK. cV=bJRj75uAFXc0k50J2vCcEI.0;server=GENERAL0100001V;cloudType=Consumer;environment=Prod_EastUS2_000e;migrationStage=NotStarted}
{"logTime": "1017/012651", "correlationVector":"a6oqNT7IkOCqIS6C7osLUJ","action":"Commit Request", "result":"", "context":Item count: 2
Contributing types: User Consents}
{"logTime": "1017/012651", "correlationVector":"a6oqNT7IkOCqIS6C7osLUJ.1","action":"SyncServerConnectionManagerRequest", "result":"SYNC_SERVER_OK", "context":{"environment":"Prod_EastUS2_000e", "migrationStage":"NotStarted", "server":"GENERAL0100001I"}}
{"logTime": "1017/012651", "correlationVector":"a6oqNT7IkOCqIS6C7osLUJ.2","action":"Commit Response", "result":"SYNCER_OK", "context":Result: SYNCER_OK. cV=a6oqNT7IkOCqIS6C7osLUJ.0;server=GENERAL0100001I;cloudType=Consumer;environment=Prod_EastUS2_000e;migrationStage=NotStarted}
{"logTime": "1017/012651", "correlationVector":"TC6W33+qBLGTZbuOrxo9u0","action":"Normal GetUpdate request", "result":"", "context":cV=TC6W33+qBLGTZbuOrxo9u0
Nudged types: Device Info}
{"logTime": "1017/012652", "correlationVector":"TC6W33+qBLGTZbuOrxo9u0.1","action":"SyncServerConnectionManagerRequest", "result":"SYNC_SERVER_OK", "context":{"environment":"Prod_EastUS2_000e", "migrationStage":"NotStarted", "server":"GENERAL0100000S"}}
{"logTime": "1017/012652", "correlationVector":"TC6W33+qBLGTZbuOrxo9u0.2","action":"GetUpdates Response", "result":"SYNCER_OK", "context":Received 1 update(s). cV=TC6W33+qBLGTZbuOrxo9u0.0;server=GENERAL0100000S;cloudType=Consumer;environment=Prod_EastUS2_000e;migrationStage=NotStarted}
